number,value,datetime_start,datetime_complete,duration,params_bagging_fraction,params_bagging_freq,params_feature_fraction,params_lambda_l1,params_lambda_l2,params_learning_rate,params_max_depth,params_min_data_in_leaf,params_num_leaves,state
0,0.5500045406788191,2025-10-11 22:38:36.294770,2025-10-11 22:38:39.397441,0 days 00:00:03.102671,0.5779972601681014,1,0.5780093202212182,4.330880728874676,3.005575058716044,0.01184431975182039,10,62,245,COMPLETE
1,0.5423759555248788,2025-10-11 22:38:39.400434,2025-10-11 22:38:40.351230,0 days 00:00:00.950796,0.5909124836035503,2,0.6061695553391381,1.5212112147976886,2.6237821581611893,0.025529516046973785,12,84,19,COMPLETE
2,0.5331324420506439,2025-10-11 22:38:40.353224,2025-10-11 22:38:42.618578,0 days 00:00:02.265354,0.6831809216468459,4,0.6460723242676091,3.925879806965068,0.9983689107917987,0.013518080333310006,9,18,85,COMPLETE
3,0.5451770471087629,2025-10-11 22:38:42.620572,2025-10-11 22:38:43.589733,0 days 00:00:00.969161,0.5325257964926398,7,0.5852620618436457,4.828160165372797,4.041986740582305,0.016338208828908806,3,63,158,COMPLETE
4,0.5385299532347887,2025-10-11 22:38:43.590728,2025-10-11 22:38:45.053207,0 days 00:00:01.462479,0.7475884550556351,1,0.5610191174223894,4.546602010393911,1.2938999080000846,0.0100828608459043,9,47,38,COMPLETE
5,0.5345848780278815,2025-10-11 22:38:45.054204,2025-10-11 22:38:46.596079,0 days 00:00:01.541875,0.9847923138822793,6,0.5924272277627636,4.697494707820946,4.474136752138244,0.022987528923660835,8,57,90,COMPLETE
6,0.5430951655369709,2025-10-11 22:38:46.597076,2025-10-11 22:38:47.635304,0 days 00:00:01.038228,0.6626651653816322,3,0.522613644455269,1.3567451588694794,4.143687545759647,0.019809338952032924,3,23,238,COMPLETE
7,0.5492180699971664,2025-10-11 22:38:47.636301,2025-10-11 22:38:49.872318,0 days 00:00:02.236017,0.5372753218398854,7,0.9010984903770198,3.861223846483287,0.993578407670862,0.011369027867815908,8,18,82,COMPLETE
8,0.5431322403641641,2025-10-11 22:38:49.874313,2025-10-11 22:38:51.348699,0 days 00:00:01.474386,0.5370223258670452,3,0.8856351733429728,0.5793452976256486,4.315517129377968,0.005063981628665743,10,74,212,COMPLETE
9,0.54001446994779,2025-10-11 22:38:51.350696,2025-10-11 22:38:52.223867,0 days 00:00:00.873171,0.864803089169032,5,0.6625916610133735,4.436063712881633,2.3610746258097466,0.021002361583510997,3,34,95,COMPLETE
10,0.5371548415994087,2025-10-11 22:38:52.225862,2025-10-11 22:38:53.423473,0 days 00:00:01.197611,0.8451235367845726,1,0.7606700059313507,3.1168825931473276,2.8527393244084163,0.04406629612367329,6,94,180,COMPLETE
11,0.5495712608887262,2025-10-11 22:38:53.426463,2025-10-11 22:38:55.463926,0 days 00:00:02.037463,0.6182597527975374,7,0.9464924465586473,3.035921370166128,0.04511928708313817,0.008520633327179936,6,39,118,COMPLETE
12,0.5395709078872938,2025-10-11 22:38:55.465921,2025-10-11 22:38:57.103255,0 days 00:00:01.637334,0.6368719098105871,5,0.9973155533575393,2.870452657185327,0.029196314999720717,0.007114700659557775,6,44,132,COMPLETE
13,0.5364884670982139,2025-10-11 22:38:57.104251,2025-10-11 22:38:59.818258,0 days 00:00:02.714007,0.7484483315394533,3,0.7483194866550948,2.282037668492941,3.284889666133569,0.007826429151811589,6,5,252,COMPLETE
14,0.5410314460368191,2025-10-11 22:38:59.820253,2025-10-11 22:39:01.172224,0 days 00:00:01.351971,0.5993385346102525,5,0.736820315715845,3.4457791149243118,1.8170326618738923,0.00835137009099066,12,66,135,COMPLETE
15,0.5336870196589586,2025-10-11 22:39:01.173221,2025-10-11 22:39:03.045123,0 days 00:00:01.871902,0.6948365360764367,6,0.8249080874443694,2.5075464575793496,3.478603112702862,0.005375069494324358,5,39,197,COMPLETE
16,0.5525254215829409,2025-10-11 22:39:03.047117,2025-10-11 22:39:04.118473,0 days 00:00:01.071356,0.5915165014252203,2,0.9202685958641559,3.8188026808882527,0.06589607190461777,0.03297516354978976,10,78,115,COMPLETE
17,0.5373409971253688,2025-10-11 22:39:04.120469,2025-10-11 22:39:05.546557,0 days 00:00:01.426088,0.8255044162944253,2,0.823491603090508,3.9644381772567723,4.955492967071802,0.033362344165138474,11,78,162,COMPLETE
18,0.539180352333109,2025-10-11 22:39:05.548549,2025-10-11 22:39:06.728976,0 days 00:00:01.180427,0.5149853272206026,2,0.6933284762724402,3.568052108655173,1.9964732415940314,0.04978892375353679,10,95,49,COMPLETE
19,0.5433587100334505,2025-10-11 22:39:06.729973,2025-10-11 22:39:07.704263,0 days 00:00:00.974290,0.586720193068739,1,0.8193450273360277,4.990995209199945,3.316591095862804,0.03136662954873905,10,86,225,COMPLETE
20,0.5383777983850069,2025-10-11 22:39:07.706256,2025-10-11 22:39:09.364339,0 days 00:00:01.658083,0.7045005355351618,2,0.5075106058128437,4.264468552834388,0.5854117658759614,0.015623378564858221,11,69,165,COMPLETE
21,0.5374261446998462,2025-10-11 22:39:09.366333,2025-10-11 22:39:10.930291,0 days 00:00:01.563958,0.6190356243875859,4,0.9954310747628445,3.1512309318391454,0.06275099683960154,0.010844666521028837,7,54,116,COMPLETE
22,0.5431132886748054,2025-10-11 22:39:10.931290,2025-10-11 22:39:12.210428,0 days 00:00:01.279138,0.5755451104891137,1,0.9424770670474035,2.3156547896949764,0.5702022558411746,0.0064325685988784066,5,30,115,COMPLETE
23,0.5431489202715575,2025-10-11 22:39:12.211425,2025-10-11 22:39:14.036631,0 days 00:00:01.825206,0.6432685667536041,3,0.9332923372138202,2.702576679126923,0.5365790663871408,0.009561436994537938,9,61,67,COMPLETE
24,0.5470882607362026,2025-10-11 22:39:14.038626,2025-10-11 22:39:15.578005,0 days 00:00:01.539379,0.5615819297733018,6,0.8707932318534808,1.9496281916023785,1.5309417322268035,0.012945990608093564,7,47,112,COMPLETE
25,0.5425079699462337,2025-10-11 22:39:15.579002,2025-10-11 22:39:16.957316,0 days 00:00:01.378314,0.5005729296229124,2,0.9526471680301735,3.3754779156629833,2.149694093246331,0.017399526720281687,11,75,150,COMPLETE
26,0.5404494879950348,2025-10-11 22:39:16.959313,2025-10-11 22:39:18.381195,0 days 00:00:01.421882,0.7787588257864038,1,0.8474126189911603,4.146258077166681,2.8529985325150196,0.013347888832940288,5,84,183,COMPLETE
27,0.5448389456110537,2025-10-11 22:39:18.382194,2025-10-11 22:39:19.339053,0 days 00:00:00.956859,0.6193443803180418,4,0.7743141298314716,3.6899389021356237,0.32693410995719113,0.03284965577398896,4,53,64,COMPLETE
28,0.5509003062202313,2025-10-11 22:39:19.341047,2025-10-11 22:39:20.660946,0 days 00:00:01.319899,0.5661866672509882,7,0.9158840279963768,3.1016126985920174,1.010588913085018,0.009194395733619439,8,70,142,COMPLETE
29,0.5475369179083847,2025-10-11 22:39:20.663937,2025-10-11 22:39:21.688848,0 days 00:00:01.024911,0.5558876569299458,2,0.7092955813198749,0.0517421948454837,1.0406093407361983,0.006556596319571885,8,84,26,COMPLETE
30,0.5386092804078949,2025-10-11 22:39:21.689846,2025-10-11 22:39:23.163255,0 days 00:00:01.473409,0.9101320728802786,2,0.7961174126201915,1.5614294039307972,1.623320981291812,0.027451307706374186,12,99,210,COMPLETE
31,0.543350071512902,2025-10-11 22:39:23.165250,2025-10-11 22:39:24.773838,0 days 00:00:01.608588,0.5895454919834358,7,0.9207486002448386,3.1073711687520014,0.23379924965386178,0.00911804370559279,9,70,105,COMPLETE
32,0.5428445045887226,2025-10-11 22:39:24.774837,2025-10-11 22:39:26.543105,0 days 00:00:01.768268,0.6508020457925395,7,0.9610953272913985,2.8761072160523526,0.8475801640897369,0.011581991523698274,7,78,142,COMPLETE
33,0.5410816152427882,2025-10-11 22:39:26.544102,2025-10-11 22:39:28.054446,0 days 00:00:01.510344,0.6090786140978139,6,0.6303994510560054,4.140881194932128,1.2895936016509297,0.014795480784170091,10,59,131,COMPLETE
34,0.5316878122648293,2025-10-11 22:39:28.055445,2025-10-11 22:39:29.980358,0 days 00:00:01.924913,0.7190193421790089,7,0.9697477557949096,3.841235401211049,3.6705743487742444,0.008359823132337782,9,65,177,COMPLETE
35,0.5369229221782431,2025-10-11 22:39:29.982352,2025-10-11 22:39:31.601727,0 days 00:00:01.619375,0.6678245216424936,6,0.9137045621018051,4.455012476648592,2.717748231798076,0.01219226091887809,8,49,67,COMPLETE
36,0.544155706116286,2025-10-11 22:39:31.603722,2025-10-11 22:39:33.467272,0 days 00:00:01.863550,0.5569854959411484,5,0.8654010948137358,3.594866767401119,0.7907399314309623,0.010194575185439148,9,40,126,COMPLETE
37,0.5417504704549607,2025-10-11 22:39:33.469266,2025-10-11 22:39:34.446315,0 days 00:00:00.977049,0.5222710213132615,7,0.5642172125113806,4.688826094649687,0.30148077533947176,0.01792419098497976,11,89,98,COMPLETE
38,0.5485533465824248,2025-10-11 22:39:34.447312,2025-10-11 22:39:35.663965,0 days 00:00:01.216653,0.5525079795289262,1,0.890084650988415,3.3692482857888466,1.2690268016549342,0.01458610445890415,7,57,83,COMPLETE
39,0.5377092915352237,2025-10-11 22:39:35.664962,2025-10-11 22:39:38.568553,0 days 00:00:02.903591,0.625345724507388,6,0.9747055312503038,1.883630241099815,0.5458022653094396,0.0074430604719656155,10,25,233,COMPLETE
40,0.5420448954713992,2025-10-11 22:39:38.569551,2025-10-11 22:39:39.939886,0 days 00:00:01.370335,0.6671235665465035,3,0.6074920631852927,4.0164768425189346,2.4308437948518864,0.005934292328356794,8,71,256,COMPLETE
41,0.5407236201056114,2025-10-11 22:39:39.942878,2025-10-11 22:39:41.709154,0 days 00:00:01.766276,0.537676315684988,7,0.9056879542682964,3.7513419528519223,0.9446551325208932,0.011061877482215408,6,13,83,COMPLETE
42,0.54370063000144,2025-10-11 22:39:41.711148,2025-10-11 22:39:44.906255,0 days 00:00:03.195107,0.5793879449009792,7,0.893199105933611,4.381780077818415,0.037872571110706334,0.008874977576295422,8,9,54,COMPLETE
43,0.5308258911234272,2025-10-11 22:39:44.907252,2025-10-11 22:39:47.089372,0 days 00:00:02.182120,0.5321195352481216,7,0.8542578844625922,3.218436801746638,1.1280064943033605,0.009831201093893875,9,19,79,COMPLETE
44,0.548918923312779,2025-10-11 22:39:47.090371,2025-10-11 22:39:48.631569,0 days 00:00:01.541198,0.5997135546138167,6,0.9309170287976841,2.8790344578413656,3.1090723312654003,0.04064527272154229,6,33,102,COMPLETE
45,0.5397942088676567,2025-10-11 22:39:48.633565,2025-10-11 22:39:49.972865,0 days 00:00:01.339300,0.9688310483927279,7,0.540859681630605,4.719664418797858,1.457507903538119,0.02361306858113298,7,80,147,COMPLETE
46,0.5491575854595399,2025-10-11 22:39:49.974860,2025-10-11 22:39:51.148614,0 days 00:00:01.173754,0.5161761315618829,4,0.9862790519852817,3.8928510342151665,3.7563392622284457,0.012491858932984082,4,25,124,COMPLETE
47,0.5507998080095395,2025-10-11 22:39:51.149610,2025-10-11 22:39:52.834491,0 days 00:00:01.684881,0.5760815042525284,5,0.8792585392280914,2.6069809656287726,1.7975610461970086,0.008438224437715946,9,41,93,COMPLETE
48,0.5427187907558392,2025-10-11 22:39:52.836486,2025-10-11 22:39:54.981891,0 days 00:00:02.145405,0.6789463353914569,5,0.837051037420135,2.4565322603153104,1.952689667394901,0.008040201297069923,10,40,91,COMPLETE
49,0.5342447071447889,2025-10-11 22:39:54.982888,2025-10-11 22:39:57.183006,0 days 00:00:02.200118,0.7854783568947485,1,0.8808104406591758,2.0327472242273528,1.7612248598320952,0.006900651680375619,11,44,205,COMPLETE
