number,value,datetime_start,datetime_complete,duration,params_bagging_fraction,params_bagging_freq,params_feature_fraction,params_lambda_l1,params_lambda_l2,params_learning_rate,params_max_depth,params_min_data_in_leaf,params_num_leaves,state
0,0.46107634543178966,2025-10-15 09:08:08.217039,2025-10-15 09:08:34.970522,0 days 00:00:26.753483,0.5779972601681014,1,0.5780093202212182,4.330880728874676,3.005575058716044,0.01184431975182039,10,62,245,COMPLETE
1,0.4643304130162703,2025-10-15 09:08:35.026491,2025-10-15 09:08:37.444817,0 days 00:00:02.418326,0.5909124836035503,2,0.6061695553391381,1.5212112147976886,2.6237821581611893,0.025529516046973785,12,84,19,COMPLETE
2,0.45782227784730917,2025-10-15 09:08:37.447808,2025-10-15 09:08:44.087840,0 days 00:00:06.640032,0.6831809216468459,4,0.6460723242676091,3.925879806965068,0.9983689107917987,0.013518080333310006,9,18,85,COMPLETE
3,0.46858573216520655,2025-10-15 09:08:44.089833,2025-10-15 09:08:46.747425,0 days 00:00:02.657592,0.5325257964926398,7,0.5852620618436457,4.828160165372797,4.041986740582305,0.016338208828908806,3,63,158,COMPLETE
4,0.4618272841051314,2025-10-15 09:08:46.748423,2025-10-15 09:08:51.995635,0 days 00:00:05.247212,0.7475884550556351,1,0.5610191174223894,4.546602010393911,1.2938999080000846,0.0100828608459043,9,47,38,COMPLETE
5,0.46107634543178977,2025-10-15 09:08:51.997627,2025-10-15 09:08:55.620285,0 days 00:00:03.622658,0.9847923138822793,6,0.5924272277627636,4.697494707820946,4.474136752138244,0.022987528923660835,8,57,90,COMPLETE
6,0.45782227784730917,2025-10-15 09:08:55.621283,2025-10-15 09:08:58.342555,0 days 00:00:02.721272,0.6626651653816322,3,0.522613644455269,1.3567451588694794,4.143687545759647,0.019809338952032924,3,23,238,COMPLETE
7,0.45782227784730917,2025-10-15 09:08:58.344550,2025-10-15 09:09:04.837110,0 days 00:00:06.492560,0.5372753218398854,7,0.9010984903770198,3.861223846483287,0.993578407670862,0.011369027867815908,8,18,82,COMPLETE
8,0.47133917396745934,2025-10-15 09:09:04.838109,2025-10-15 09:09:13.242129,0 days 00:00:08.404020,0.5370223258670452,3,0.8856351733429728,0.5793452976256486,4.315517129377968,0.005063981628665743,10,74,212,COMPLETE
9,0.4620775969962453,2025-10-15 09:09:13.244124,2025-10-15 09:09:15.684729,0 days 00:00:02.440605,0.864803089169032,5,0.6625916610133735,4.436063712881633,2.3610746258097466,0.021002361583510997,3,34,95,COMPLETE
10,0.46483103879849813,2025-10-15 09:09:15.685726,2025-10-15 09:09:25.152055,0 days 00:00:09.466329,0.8451235367845726,3,0.9896117410993797,0.05557192411355638,4.846565363770474,0.005242396444726427,6,94,185,COMPLETE
11,0.46157697121401753,2025-10-15 09:09:25.153053,2025-10-15 09:09:27.169655,0 days 00:00:02.016602,0.5154800030768701,7,0.7848596544349612,2.8664548882561456,3.7035601529590823,0.04667294201090998,5,72,171,COMPLETE
12,0.45757196495619523,2025-10-15 09:09:27.170653,2025-10-15 09:09:35.751412,0 days 00:00:08.580759,0.6372424866412405,5,0.8045369317168722,0.16792942467236127,3.4662128380113133,0.005185991464174922,12,74,190,COMPLETE
13,0.46683354192740917,2025-10-15 09:09:35.753408,2025-10-15 09:09:41.867235,0 days 00:00:06.113827,0.5127747474052717,4,0.8626076273727991,2.6481984884033283,4.991506145902945,0.007166699774994846,6,100,147,COMPLETE
14,0.4675844806007509,2025-10-15 09:09:41.869230,2025-10-15 09:09:45.661087,0 days 00:00:03.791857,0.7655620151757301,3,0.7067070498463563,1.4712080022144967,1.8511133362718577,0.03637925194481445,11,44,213,COMPLETE
15,0.4640801001251565,2025-10-15 09:09:45.663082,2025-10-15 09:09:50.473050,0 days 00:00:04.809968,0.6067816387994543,6,0.9703573885431314,3.352725713024431,3.929455052485733,0.007193674960571344,5,68,130,COMPLETE
16,0.460325406758448,2025-10-15 09:09:50.475046,2025-10-15 09:09:54.272971,0 days 00:00:03.797925,0.7580143193422604,2,0.7389128700194534,1.9438459739319311,0.06589607190461777,0.01612782069591167,10,85,215,COMPLETE
17,0.46207759699624534,2025-10-15 09:09:54.273967,2025-10-15 09:10:00.447507,0 days 00:00:06.173540,0.6900913631930553,4,0.9070368296637102,2.1070534147391964,3.1792027020762266,0.00817058852893107,7,82,150,COMPLETE
18,0.45757196495619523,2025-10-15 09:10:00.449502,2025-10-15 09:10:03.204149,0 days 00:00:02.754647,0.5490851573245075,5,0.8486639682692741,0.8976708503200789,4.362705527423543,0.030609643254550817,4,5,125,COMPLETE
19,0.46107634543178977,2025-10-15 09:10:03.205146,2025-10-15 09:10:06.735433,0 days 00:00:03.530287,0.5025124485019115,6,0.7024427479450995,0.8479076469387594,3.5727531225262923,0.017342026059052534,10,51,214,COMPLETE
20,0.460575719649562,2025-10-15 09:10:06.736430,2025-10-15 09:10:10.830997,0 days 00:00:04.094567,0.6200392464368687,2,0.5075106058128437,3.2862078319378862,4.395857825496998,0.01443870265217207,7,63,175,COMPLETE
21,0.465081351689612,2025-10-15 09:10:10.832992,2025-10-15 09:10:15.006149,0 days 00:00:04.173157,0.7655861314080078,3,0.7124061499799169,0.6494136008772344,1.9836742675581553,0.041726082838558755,11,42,202,COMPLETE
22,0.46007509386733414,2025-10-15 09:10:15.009176,2025-10-15 09:10:19.637915,0 days 00:00:04.628739,0.8175694026289306,3,0.6577787739197314,1.681920090625833,1.8032226206400188,0.036429306483551416,11,31,229,COMPLETE
23,0.46858573216520655,2025-10-15 09:10:19.639910,2025-10-15 09:10:25.162067,0 days 00:00:05.522157,0.9066805395624833,2,0.7855724862423358,1.2379430155067617,2.7205519222080055,0.029172948186926978,11,39,252,COMPLETE
24,0.46382978723404256,2025-10-15 09:10:25.164061,2025-10-15 09:10:33.499138,0 days 00:00:08.335077,0.9226585649762824,2,0.7988409526849521,1.1033028965432852,2.963443182506568,0.00912819547729591,9,56,256,COMPLETE
25,0.4628285356695869,2025-10-15 09:10:33.500136,2025-10-15 09:10:41.044490,0 days 00:00:07.544354,0.9975921976907455,1,0.924846322558455,0.41440331074275605,3.9218106586600543,0.02754598471745605,12,37,228,COMPLETE
26,0.4670838548185231,2025-10-15 09:10:41.045488,2025-10-15 09:10:46.339567,0 days 00:00:05.294079,0.9287531331810962,4,0.850639769249237,2.1646453125121723,4.690234137969985,0.018309357691589485,10,76,165,COMPLETE
27,0.4618272841051314,2025-10-15 09:10:46.340565,2025-10-15 09:10:49.816451,0 days 00:00:03.475886,0.7202432327296192,2,0.7708428758819266,0.45769584941149777,2.4494748899627323,0.0321508050539658,11,65,111,COMPLETE
28,0.46583229036295365,2025-10-15 09:10:49.818445,2025-10-15 09:10:53.343915,0 days 00:00:03.525470,0.5671419023981881,7,0.8287357813283548,1.1608680905075406,3.3091005742811674,0.023555073579914796,8,53,253,COMPLETE
29,0.46332916145181474,2025-10-15 09:10:53.344913,2025-10-15 09:10:58.180031,0 days 00:00:04.835118,0.5737126782383776,1,0.9541740912388601,2.4755124883461948,2.783611679699015,0.01314731750703469,9,60,233,COMPLETE
30,0.46583229036295376,2025-10-15 09:10:58.182025,2025-10-15 09:11:04.674492,0 days 00:00:06.492467,0.9101320728802786,1,0.7459374699245476,3.1256979652010877,4.011016647297529,0.0060997584011568285,4,79,201,COMPLETE
31,0.4628285356695869,2025-10-15 09:11:04.675490,2025-10-15 09:11:08.415566,0 days 00:00:03.740076,0.8154273168005566,3,0.7039147285447093,1.7854696707950652,1.8421667827184784,0.03755100297483506,11,45,213,COMPLETE
32,0.4640801001251564,2025-10-15 09:11:08.416562,2025-10-15 09:11:12.113921,0 days 00:00:03.697359,0.7828203677941264,2,0.606216823987958,1.4659236082008376,2.1844108492764196,0.04771083295756052,12,40,242,COMPLETE
33,0.46257822277847305,2025-10-15 09:11:12.114918,2025-10-15 09:11:16.916731,0 days 00:00:04.801813,0.8671531089300021,3,0.6300876441452302,4.063901650541632,1.6148045584371902,0.02794975274128916,11,29,197,COMPLETE
34,0.46933667083854813,2025-10-15 09:11:16.919685,2025-10-15 09:11:20.086022,0 days 00:00:03.166337,0.7170343645372305,4,0.5484115546855832,1.2145166427980993,0.7691450722843951,0.03308838598516954,10,49,220,COMPLETE
35,0.4665832290362954,2025-10-15 09:11:20.087976,2025-10-15 09:11:23.048413,0 days 00:00:02.960437,0.6405945324376946,4,0.5435974751755909,4.822333394170847,0.1375857381158747,0.024888561498321613,10,49,155,COMPLETE
36,0.46107634543178977,2025-10-15 09:11:23.050408,2025-10-15 09:11:26.811987,0 days 00:00:03.761579,0.722687926632654,5,0.5532373813865751,1.0680713621473317,1.061298370462398,0.01162511639617314,9,90,42,COMPLETE
37,0.4628285356695869,2025-10-15 09:11:26.813982,2025-10-15 09:11:30.669621,0 days 00:00:03.855639,0.9597775068146596,5,0.5782281584941148,0.6895099925777091,0.5699408901944019,0.020273750326106843,10,68,248,COMPLETE
38,0.4670838548185232,2025-10-15 09:11:30.671617,2025-10-15 09:11:34.066740,0 days 00:00:03.395123,0.6752862230570539,6,0.8889137792627521,3.610158946099232,0.604982841752657,0.02995991831626104,8,58,227,COMPLETE
39,0.46307884856070086,2025-10-15 09:11:34.067737,2025-10-15 09:11:39.606669,0 days 00:00:05.538932,0.5399435462812964,2,0.6274519563302394,2.257035405202079,2.769999123945652,0.014524627579809863,9,24,242,COMPLETE
40,0.46433041301627026,2025-10-15 09:11:39.608663,2025-10-15 09:11:42.377168,0 days 00:00:02.768505,0.5887663591658137,4,0.5303852774832001,1.2106191782141593,4.211831528855537,0.022122070098472037,12,53,187,COMPLETE
41,0.45757196495619523,2025-10-15 09:11:42.378162,2025-10-15 09:11:46.287419,0 days 00:00:03.909257,0.8906878486498239,3,0.5817909563131752,1.4362915714208992,0.6405601788917905,0.035238498515688645,11,45,218,COMPLETE
42,0.46958698372966207,2025-10-15 09:11:46.289413,2025-10-15 09:11:50.629637,0 days 00:00:04.340224,0.8013467970107775,3,0.6677230318362007,0.32735176437714264,1.396337387406754,0.04324562283729091,10,37,207,COMPLETE
43,0.46583229036295365,2025-10-15 09:11:50.630635,2025-10-15 09:11:54.959322,0 days 00:00:04.328687,0.8059745067299565,4,0.674357091805123,0.3164145630214997,1.42585058148267,0.04191579805608935,10,39,181,COMPLETE
44,0.465081351689612,2025-10-15 09:11:54.961316,2025-10-15 09:11:59.401482,0 days 00:00:04.440166,0.9555962861711735,3,0.6088491345210272,0.0701730114444783,0.9103536992542491,0.04216395703491762,10,34,202,COMPLETE
45,0.46007509386733414,2025-10-15 09:11:59.403476,2025-10-15 09:12:02.549712,0 days 00:00:03.146236,0.7025600018542195,4,0.5005701262349145,0.6790202741241572,1.2573593325447223,0.04976167584647005,8,27,163,COMPLETE
46,0.46307884856070086,2025-10-15 09:12:02.551669,2025-10-15 09:12:07.996054,0 days 00:00:05.444385,0.6527470351748482,2,0.5652807657440186,0.2670497887040237,4.677604533429397,0.026793586658625353,9,18,222,COMPLETE
47,0.47133917396745934,2025-10-15 09:12:07.997051,2025-10-15 09:12:12.430418,0 days 00:00:04.433367,0.845142391750822,3,0.6733423485594006,4.26620437705636,0.4189612589602072,0.010457914643572878,6,68,66,COMPLETE
48,0.46808510638297873,2025-10-15 09:12:12.431416,2025-10-15 09:12:16.851008,0 days 00:00:04.419592,0.8420475652873267,3,0.6776108098868142,4.6297730653713325,0.18829123711571713,0.01033732265990477,6,71,68,COMPLETE
49,0.4590738423028785,2025-10-15 09:12:16.852203,2025-10-15 09:12:21.330903,0 days 00:00:04.478700,0.7894777028833021,4,0.6398196113046515,4.916786829023105,0.30857023880330675,0.0061241866605964215,3,67,25,COMPLETE
